<?xml version="1.0" encoding="UTF-8"?>
<!-- Generated by org.testng.reporters.JUnitReportReporter -->
<testsuite hostname="DESKTOP-S9VO5VB" failures="0" tests="1" name="com.amazon.QA.BaseClass.BaseClass" time="11.691" errors="0" timestamp="2023-02-09T09:33:40 IST" skipped="0">
  <testcase classname="com.amazon.QA.BaseClass.BaseClass" name="intalize" time="11.691"/>
  <system-out/>
</testsuite> <!-- com.amazon.QA.BaseClass.BaseClass -->
