<?xml version="1.0" encoding="UTF-8"?>
<!-- Generated by org.testng.reporters.JUnitReportReporter -->
<testsuite hostname="DESKTOP-S9VO5VB" failures="0" tests="4" name="com.amazon.QA.TestCases.SoftwareAccountingAndFinanceTC" time="101.329" errors="0" timestamp="2023-02-10T14:22:31 IST" skipped="0">
  <testcase classname="com.amazon.QA.TestCases.SoftwareAccountingAndFinanceTC" name="lauchapp" time="11.764"/>
  <system-out/>
  <testcase classname="com.amazon.QA.TestCases.SoftwareAccountingAndFinanceTC" name="f" time="0.014"/>
  <system-out/>
  <testcase classname="com.amazon.QA.TestCases.SoftwareAccountingAndFinanceTC" name="intalize" time="21.298"/>
  <system-out/>
  <testcase classname="com.amazon.QA.TestCases.SoftwareAccountingAndFinanceTC" name="accountingfinance" time="68.253"/>
  <system-out/>
</testsuite> <!-- com.amazon.QA.TestCases.SoftwareAccountingAndFinanceTC -->
