<?xml version="1.0" encoding="UTF-8"?>
<!-- Generated by org.testng.reporters.JUnitReportReporter -->
<testsuite hostname="DESKTOP-S9VO5VB" failures="0" tests="1" name="com.amazon.QA.PageObject.Launch_Login_PageObjects" time="82.781" errors="0" timestamp="2022-12-25T22:31:50 IST" skipped="0">
  <testcase classname="com.amazon.QA.PageObject.Launch_Login_PageObjects" name="intalize" time="82.781"/>
  <system-out/>
</testsuite> <!-- com.amazon.QA.PageObject.Launch_Login_PageObjects -->
